Base path: 'C:/Program Files/Unity/Hub/Editor/2020.3.17f1/Editor/Data', plugins path 'C:/Program Files/Unity/Hub/Editor/2020.3.17f1/Editor/Data/PlaybackEngines'
Cmd: initializeCompiler

Cmd: compileComputeKernel
  insize=1308 file=D:/Quint/Unity/Tons-o-Simulations/Tons o' Simulations/Assets/Scripts/GameOfLifeShader.compute kernel=GameOfLife cachingPP=1 ppOnly=0 stripLineD=0 buildPlatform=19 km=<UNITY_VERSION=202039> pKW=UNITY_ENABLE_REFLECTION_BUFFERS UNITY_USE_DITHER_MASK_FOR_ALPHABLENDED_SHADOWS UNITY_PBS_USE_BRDF1 UNITY_SPECCUBE_BOX_PROJECTION UNITY_SPECCUBE_BLENDING UNITY_ENABLE_DETAIL_NORMALMAP SHADER_API_DESKTOP UNITY_LIGHT_PROBE_PROXY_VOLUME UNITY_LIGHTMAP_RGBM_ENCODING uKW=SHADER_STAGE_COMPUTE platform=d3d11 flags=0 ok=1 outsize=1624

Cmd: compileComputeKernel
  insize=1310 file=D:/Quint/Unity/Tons-o-Simulations/Tons o' Simulations/Assets/Scripts/GameOfLifeShader.compute kernel=GameOfLife cachingPP=1 ppOnly=0 stripLineD=0 buildPlatform=19 km=<UNITY_VERSION=202039> pKW=UNITY_ENABLE_REFLECTION_BUFFERS UNITY_USE_DITHER_MASK_FOR_ALPHABLENDED_SHADOWS UNITY_PBS_USE_BRDF1 UNITY_SPECCUBE_BOX_PROJECTION UNITY_SPECCUBE_BLENDING UNITY_ENABLE_DETAIL_NORMALMAP SHADER_API_DESKTOP UNITY_LIGHT_PROBE_PROXY_VOLUME UNITY_LIGHTMAP_RGBM_ENCODING uKW=SHADER_STAGE_COMPUTE platform=d3d11 flags=0 ok=1 outsize=1624

Cmd: compileComputeKernel
  insize=1245 file=D:/Quint/Unity/Tons-o-Simulations/Tons o' Simulations/Assets/Scripts/GameOfLifeShader.compute kernel=GameOfLife cachingPP=1 ppOnly=0 stripLineD=0 buildPlatform=19 km=<UNITY_VERSION=202039> pKW=UNITY_ENABLE_REFLECTION_BUFFERS UNITY_USE_DITHER_MASK_FOR_ALPHABLENDED_SHADOWS UNITY_PBS_USE_BRDF1 UNITY_SPECCUBE_BOX_PROJECTION UNITY_SPECCUBE_BLENDING UNITY_ENABLE_DETAIL_NORMALMAP SHADER_API_DESKTOP UNITY_LIGHT_PROBE_PROXY_VOLUME UNITY_LIGHTMAP_RGBM_ENCODING uKW=SHADER_STAGE_COMPUTE platform=d3d11 flags=0 ok=1 outsize=1588

Cmd: compileComputeKernel
  insize=1303 file=D:/Quint/Unity/Tons-o-Simulations/Tons o' Simulations/Assets/Scripts/GameOfLifeShader.compute kernel=GameOfLife cachingPP=1 ppOnly=0 stripLineD=0 buildPlatform=19 km=<UNITY_VERSION=202039> pKW=UNITY_ENABLE_REFLECTION_BUFFERS UNITY_USE_DITHER_MASK_FOR_ALPHABLENDED_SHADOWS UNITY_PBS_USE_BRDF1 UNITY_SPECCUBE_BOX_PROJECTION UNITY_SPECCUBE_BLENDING UNITY_ENABLE_DETAIL_NORMALMAP SHADER_API_DESKTOP UNITY_LIGHT_PROBE_PROXY_VOLUME UNITY_LIGHTMAP_RGBM_ENCODING uKW=SHADER_STAGE_COMPUTE platform=d3d11 flags=0 ok=1 outsize=1484

Cmd: compileComputeKernel
  insize=1425 file=D:/Quint/Unity/Tons-o-Simulations/Tons o' Simulations/Assets/Scripts/GameOfLifeShader.compute kernel=GameOfLife cachingPP=1 ppOnly=0 stripLineD=0 buildPlatform=19 km=<UNITY_VERSION=202039> pKW=UNITY_ENABLE_REFLECTION_BUFFERS UNITY_USE_DITHER_MASK_FOR_ALPHABLENDED_SHADOWS UNITY_PBS_USE_BRDF1 UNITY_SPECCUBE_BOX_PROJECTION UNITY_SPECCUBE_BLENDING UNITY_ENABLE_DETAIL_NORMALMAP SHADER_API_DESKTOP UNITY_LIGHT_PROBE_PROXY_VOLUME UNITY_LIGHTMAP_RGBM_ENCODING uKW=SHADER_STAGE_COMPUTE platform=d3d11 flags=0 ok=1 outsize=1524

Cmd: compileComputeKernel
  insize=2644 file=D:/Quint/Unity/Tons-o-Simulations/Tons o' Simulations/Assets/Scripts/GameOfLifeShader.compute kernel=GameOfLife cachingPP=1 ppOnly=0 stripLineD=0 buildPlatform=19 km=<UNITY_VERSION=202039> pKW=UNITY_ENABLE_REFLECTION_BUFFERS UNITY_USE_DITHER_MASK_FOR_ALPHABLENDED_SHADOWS UNITY_PBS_USE_BRDF1 UNITY_SPECCUBE_BOX_PROJECTION UNITY_SPECCUBE_BLENDING UNITY_ENABLE_DETAIL_NORMALMAP SHADER_API_DESKTOP UNITY_LIGHT_PROBE_PROXY_VOLUME UNITY_LIGHTMAP_RGBM_ENCODING uKW=SHADER_STAGE_COMPUTE platform=d3d11 flags=0  error: 1 plat 4 at GameOfLifeShader.compute(39): implicit truncation of vector type
 ok=1 outsize=1755

Cmd: compileComputeKernel
  insize=3163 file=D:/Quint/Unity/Tons-o-Simulations/Tons o' Simulations/Assets/Scripts/GameOfLifeShader.compute kernel=GameOfLife cachingPP=1 ppOnly=0 stripLineD=0 buildPlatform=19 km=<UNITY_VERSION=202039> pKW=UNITY_ENABLE_REFLECTION_BUFFERS UNITY_USE_DITHER_MASK_FOR_ALPHABLENDED_SHADOWS UNITY_PBS_USE_BRDF1 UNITY_SPECCUBE_BOX_PROJECTION UNITY_SPECCUBE_BLENDING UNITY_ENABLE_DETAIL_NORMALMAP SHADER_API_DESKTOP UNITY_LIGHT_PROBE_PROXY_VOLUME UNITY_LIGHTMAP_RGBM_ENCODING uKW=SHADER_STAGE_COMPUTE platform=d3d11 flags=0 ok=1 outsize=1771

Cmd: compileComputeKernel
  insize=2526 file=D:/Quint/Unity/Tons-o-Simulations/Tons o' Simulations/Assets/Scripts/GameOfLifeShader.compute kernel=GameOfLife cachingPP=1 ppOnly=0 stripLineD=0 buildPlatform=19 km=<UNITY_VERSION=202039> pKW=UNITY_ENABLE_REFLECTION_BUFFERS UNITY_USE_DITHER_MASK_FOR_ALPHABLENDED_SHADOWS UNITY_PBS_USE_BRDF1 UNITY_SPECCUBE_BOX_PROJECTION UNITY_SPECCUBE_BLENDING UNITY_ENABLE_DETAIL_NORMALMAP SHADER_API_DESKTOP UNITY_LIGHT_PROBE_PROXY_VOLUME UNITY_LIGHTMAP_RGBM_ENCODING uKW=SHADER_STAGE_COMPUTE platform=d3d11 flags=0  error: 1 plat 4 at GameOfLifeShader.compute(61): signed/unsigned mismatch, unsigned assumed
 ok=1 outsize=1585

